2025-03-25 20:26:08 INFO:Created backup: /Volumes/Work/laravel-core-source/src/Providers/License_backup.php
2025-03-25 20:26:08 INFO:Obfuscating /Volumes/Work/laravel-core-source/src/Providers/License.php
2025-03-25 20:26:08 ERROR:Error while obfuscating /Volumes/Work/laravel-core-source/src/Providers/License.php: [Errno 2] No such file or directory: '/home/YOUR_USERNAME/PROJECT_DIR/yakpro-po/yakpro-po.php'
2025-03-25 20:26:08 INFO:Created backup: /Volumes/Work/laravel-core-source/src/Providers/CoderstmServiceProvider_backup.php
2025-03-25 20:26:08 INFO:Obfuscating /Volumes/Work/laravel-core-source/src/Providers/CoderstmServiceProvider.php
2025-03-25 20:26:08 ERROR:Error while obfuscating /Volumes/Work/laravel-core-source/src/Providers/CoderstmServiceProvider.php: [Errno 2] No such file or directory: '/home/YOUR_USERNAME/PROJECT_DIR/yakpro-po/yakpro-po.php'
2025-03-25 20:28:42 INFO:Created backup: /Volumes/Work/laravel-core-source/src/Providers/CoderstmPermissionsServiceProvider_backup.php
2025-03-25 20:28:42 INFO:Created backup: /Volumes/Work/laravel-core-source/src/Providers/License_backup.php
2025-03-25 20:28:42 INFO:Created backup: /Volumes/Work/laravel-core-source/src/Providers/CoderstmServiceProvider_backup.php
2025-03-25 20:28:42 INFO:Created backup: /Volumes/Work/laravel-core-source/src/Providers/ShortcodeServiceProvider_backup.php
2025-03-25 20:28:42 INFO:Obfuscating /Volumes/Work/laravel-core-source/src/Providers/CoderstmPermissionsServiceProvider.php
2025-03-25 20:28:42 INFO:Obfuscating /Volumes/Work/laravel-core-source/src/Providers/CoderstmServiceProvider.php
2025-03-25 20:28:42 INFO:Obfuscating /Volumes/Work/laravel-core-source/src/Providers/License.php
2025-03-25 20:28:42 INFO:Obfuscating /Volumes/Work/laravel-core-source/src/Providers/ShortcodeServiceProvider.php
2025-03-25 20:28:43 INFO:Obfuscated /Volumes/Work/laravel-core-source/src/Providers/CoderstmPermissionsServiceProvider.php successfully
2025-03-25 20:28:43 INFO:Obfuscated /Volumes/Work/laravel-core-source/src/Providers/ShortcodeServiceProvider.php successfully
2025-03-25 20:28:43 INFO:Obfuscated /Volumes/Work/laravel-core-source/src/Providers/CoderstmServiceProvider.php successfully
2025-03-25 20:28:43 INFO:Obfuscated /Volumes/Work/laravel-core-source/src/Providers/License.php successfully
2025-03-25 20:28:43 INFO:Created backup: /Volumes/Work/laravel-core-source/src/Providers/ThemeServiceProvider_backup.php
2025-03-25 20:28:43 INFO:Created backup: /Volumes/Work/laravel-core-source/src/Providers/CoderstmEventServiceProvider_backup.php
2025-03-25 20:28:43 INFO:Obfuscating /Volumes/Work/laravel-core-source/src/Providers/ThemeServiceProvider.php
2025-03-25 20:28:43 INFO:Obfuscating /Volumes/Work/laravel-core-source/src/Providers/CoderstmEventServiceProvider.php
2025-03-25 20:28:43 INFO:Obfuscated /Volumes/Work/laravel-core-source/src/Providers/ThemeServiceProvider.php successfully
2025-03-25 20:28:43 INFO:Obfuscated /Volumes/Work/laravel-core-source/src/Providers/CoderstmEventServiceProvider.php successfully
2025-03-25 20:30:26 INFO:Obfuscating /Volumes/Work/laravel-core-source/src/Providers/License.php
2025-03-25 20:30:26 INFO:Obfuscated /Volumes/Work/laravel-core-source/src/Providers/License.php successfully
2025-03-25 20:31:38 INFO:Obfuscating /Volumes/Work/laravel-core-source/src/Providers/License.php
2025-03-25 20:31:38 INFO:Obfuscated /Volumes/Work/laravel-core-source/src/Providers/License.php successfully
2025-03-25 20:37:49 INFO:Obfuscating /Volumes/Work/laravel-core-source/src/Providers/License.php
2025-03-25 20:37:49 INFO:Obfuscated /Volumes/Work/laravel-core-source/src/Providers/License.php successfully
2025-03-25 20:40:01 INFO:Obfuscating /Volumes/Work/laravel-core-source/src/Providers/CoderstmPermissionsServiceProvider.php
2025-03-25 20:40:01 INFO:Obfuscating /Volumes/Work/laravel-core-source/src/Providers/License.php
2025-03-25 20:40:01 INFO:Obfuscating /Volumes/Work/laravel-core-source/src/Providers/ShortcodeServiceProvider.php
2025-03-25 20:40:01 INFO:Obfuscating /Volumes/Work/laravel-core-source/src/Providers/CoderstmServiceProvider.php
2025-03-25 20:40:01 INFO:Obfuscated /Volumes/Work/laravel-core-source/src/Providers/ShortcodeServiceProvider.php successfully
2025-03-25 20:40:01 INFO:Obfuscated /Volumes/Work/laravel-core-source/src/Providers/CoderstmPermissionsServiceProvider.php successfully
2025-03-25 20:40:01 INFO:Obfuscating /Volumes/Work/laravel-core-source/src/Providers/ThemeServiceProvider.php
2025-03-25 20:40:01 INFO:Obfuscating /Volumes/Work/laravel-core-source/src/Providers/CoderstmEventServiceProvider.php
2025-03-25 20:40:01 INFO:Obfuscated /Volumes/Work/laravel-core-source/src/Providers/CoderstmServiceProvider.php successfully
2025-03-25 20:40:01 INFO:Obfuscated /Volumes/Work/laravel-core-source/src/Providers/License.php successfully
2025-03-25 20:40:02 INFO:Obfuscated /Volumes/Work/laravel-core-source/src/Providers/CoderstmEventServiceProvider.php successfully
2025-03-25 20:40:02 INFO:Obfuscated /Volumes/Work/laravel-core-source/src/Providers/ThemeServiceProvider.php successfully
2025-03-25 20:41:08 INFO:Obfuscating /Volumes/Work/laravel-core-source/src/Providers/ShortcodeServiceProvider.php
2025-03-25 20:41:08 INFO:Obfuscating /Volumes/Work/laravel-core-source/src/Providers/CoderstmPermissionsServiceProvider.php
2025-03-25 20:41:08 INFO:Obfuscating /Volumes/Work/laravel-core-source/src/Providers/CoderstmServiceProvider.php
2025-03-25 20:41:08 INFO:Obfuscating /Volumes/Work/laravel-core-source/src/Providers/License.php
2025-03-25 20:41:08 INFO:Obfuscated /Volumes/Work/laravel-core-source/src/Providers/ShortcodeServiceProvider.php successfully
2025-03-25 20:41:08 INFO:Obfuscated /Volumes/Work/laravel-core-source/src/Providers/CoderstmPermissionsServiceProvider.php successfully
2025-03-25 20:41:08 INFO:Obfuscating /Volumes/Work/laravel-core-source/src/Providers/CoderstmEventServiceProvider.php
2025-03-25 20:41:08 INFO:Obfuscating /Volumes/Work/laravel-core-source/src/Providers/ThemeServiceProvider.php
2025-03-25 20:41:08 INFO:Obfuscated /Volumes/Work/laravel-core-source/src/Providers/License.php successfully
2025-03-25 20:41:08 INFO:Obfuscated /Volumes/Work/laravel-core-source/src/Providers/CoderstmServiceProvider.php successfully
2025-03-25 20:41:08 INFO:Obfuscated /Volumes/Work/laravel-core-source/src/Providers/CoderstmEventServiceProvider.php successfully
2025-03-25 20:41:08 INFO:Obfuscated /Volumes/Work/laravel-core-source/src/Providers/ThemeServiceProvider.php successfully
2025-03-25 20:42:18 INFO:Obfuscating /Volumes/Work/laravel-core-source/src/Providers/License.php
2025-03-25 20:42:18 INFO:Obfuscating /Volumes/Work/laravel-core-source/src/Providers/CoderstmPermissionsServiceProvider.php
2025-03-25 20:42:18 INFO:Obfuscating /Volumes/Work/laravel-core-source/src/Providers/ShortcodeServiceProvider.php
2025-03-25 20:42:18 INFO:Obfuscating /Volumes/Work/laravel-core-source/src/Providers/CoderstmServiceProvider.php
2025-03-25 20:42:19 INFO:Obfuscated /Volumes/Work/laravel-core-source/src/Providers/ShortcodeServiceProvider.php successfully
2025-03-25 20:42:19 INFO:Obfuscated /Volumes/Work/laravel-core-source/src/Providers/CoderstmPermissionsServiceProvider.php successfully
2025-03-25 20:42:19 INFO:Obfuscating /Volumes/Work/laravel-core-source/src/Providers/ThemeServiceProvider.php
2025-03-25 20:42:19 INFO:Obfuscating /Volumes/Work/laravel-core-source/src/Providers/CoderstmEventServiceProvider.php
2025-03-25 20:42:19 INFO:Obfuscated /Volumes/Work/laravel-core-source/src/Providers/License.php successfully
2025-03-25 20:42:19 INFO:Obfuscated /Volumes/Work/laravel-core-source/src/Providers/CoderstmServiceProvider.php successfully
2025-03-25 20:42:19 INFO:Obfuscated /Volumes/Work/laravel-core-source/src/Providers/CoderstmEventServiceProvider.php successfully
2025-03-25 20:42:19 INFO:Obfuscated /Volumes/Work/laravel-core-source/src/Providers/ThemeServiceProvider.php successfully
2025-03-25 21:58:53 INFO:Obfuscating /Volumes/Work/laravel-core-source/src/Providers/CoderstmPermissionsServiceProvider.php
2025-03-25 21:58:53 INFO:Obfuscating /Volumes/Work/laravel-core-source/src/Providers/ShortcodeServiceProvider.php
2025-03-25 21:58:53 INFO:Obfuscating /Volumes/Work/laravel-core-source/src/Providers/CoderstmServiceProvider.php
2025-03-25 21:58:53 INFO:Obfuscating /Volumes/Work/laravel-core-source/src/Providers/License.php
2025-03-25 21:58:53 INFO:Obfuscated /Volumes/Work/laravel-core-source/src/Providers/ShortcodeServiceProvider.php successfully
2025-03-25 21:58:53 INFO:Obfuscated /Volumes/Work/laravel-core-source/src/Providers/CoderstmPermissionsServiceProvider.php successfully
2025-03-25 21:58:53 INFO:Obfuscating /Volumes/Work/laravel-core-source/src/Providers/ThemeServiceProvider.php
2025-03-25 21:58:53 INFO:Obfuscating /Volumes/Work/laravel-core-source/src/Providers/CoderstmEventServiceProvider.php
2025-03-25 21:58:53 INFO:Obfuscated /Volumes/Work/laravel-core-source/src/Providers/CoderstmServiceProvider.php successfully
2025-03-25 21:58:53 INFO:Obfuscated /Volumes/Work/laravel-core-source/src/Providers/License.php successfully
2025-03-25 21:58:53 INFO:Obfuscated /Volumes/Work/laravel-core-source/src/Providers/CoderstmEventServiceProvider.php successfully
2025-03-25 21:58:53 INFO:Obfuscated /Volumes/Work/laravel-core-source/src/Providers/ThemeServiceProvider.php successfully
2025-03-25 22:55:38 INFO:Obfuscating /Volumes/Work/laravel-core-source/src/Providers/CoderstmPermissionsServiceProvider.php
2025-03-25 22:55:38 INFO:Obfuscating /Volumes/Work/laravel-core-source/src/Providers/License.php
2025-03-25 22:55:38 INFO:Obfuscating /Volumes/Work/laravel-core-source/src/Providers/ShortcodeServiceProvider.php
2025-03-25 22:55:38 INFO:Obfuscating /Volumes/Work/laravel-core-source/src/Providers/CoderstmServiceProvider.php
2025-03-25 22:55:38 INFO:Obfuscated /Volumes/Work/laravel-core-source/src/Providers/ShortcodeServiceProvider.php successfully
2025-03-25 22:55:38 INFO:Obfuscated /Volumes/Work/laravel-core-source/src/Providers/CoderstmPermissionsServiceProvider.php successfully
2025-03-25 22:55:38 INFO:Obfuscating /Volumes/Work/laravel-core-source/src/Providers/ThemeServiceProvider.php
2025-03-25 22:55:38 INFO:Obfuscating /Volumes/Work/laravel-core-source/src/Providers/CoderstmEventServiceProvider.php
2025-03-25 22:55:38 INFO:Obfuscated /Volumes/Work/laravel-core-source/src/Providers/CoderstmServiceProvider.php successfully
2025-03-25 22:55:38 INFO:Obfuscated /Volumes/Work/laravel-core-source/src/Providers/License.php successfully
2025-03-25 22:55:38 INFO:Obfuscated /Volumes/Work/laravel-core-source/src/Providers/CoderstmEventServiceProvider.php successfully
2025-03-25 22:55:38 INFO:Obfuscated /Volumes/Work/laravel-core-source/src/Providers/ThemeServiceProvider.php successfully
2025-03-25 22:56:50 INFO:Obfuscating /Volumes/Work/laravel-core-source/src/Providers/CoderstmPermissionsServiceProvider.php
2025-03-25 22:56:50 INFO:Obfuscating /Volumes/Work/laravel-core-source/src/Providers/ShortcodeServiceProvider.php
2025-03-25 22:56:50 INFO:Obfuscating /Volumes/Work/laravel-core-source/src/Providers/CoderstmServiceProvider.php
2025-03-25 22:56:50 INFO:Obfuscating /Volumes/Work/laravel-core-source/src/Providers/License.php
2025-03-25 22:56:51 INFO:Obfuscated /Volumes/Work/laravel-core-source/src/Providers/ShortcodeServiceProvider.php successfully
2025-03-25 22:56:51 INFO:Obfuscated /Volumes/Work/laravel-core-source/src/Providers/CoderstmPermissionsServiceProvider.php successfully
2025-03-25 22:56:51 INFO:Obfuscating /Volumes/Work/laravel-core-source/src/Providers/CoderstmEventServiceProvider.php
2025-03-25 22:56:51 INFO:Obfuscating /Volumes/Work/laravel-core-source/src/Providers/ThemeServiceProvider.php
2025-03-25 22:56:51 INFO:Obfuscated /Volumes/Work/laravel-core-source/src/Providers/CoderstmServiceProvider.php successfully
2025-03-25 22:56:51 INFO:Obfuscated /Volumes/Work/laravel-core-source/src/Providers/License.php successfully
2025-03-25 22:56:51 INFO:Obfuscated /Volumes/Work/laravel-core-source/src/Providers/CoderstmEventServiceProvider.php successfully
2025-03-25 22:56:51 INFO:Obfuscated /Volumes/Work/laravel-core-source/src/Providers/ThemeServiceProvider.php successfully
2025-03-25 23:00:36 INFO:Obfuscating /Volumes/Work/laravel-core-source/src/Providers/CoderstmPermissionsServiceProvider.php
2025-03-25 23:00:36 INFO:Obfuscating /Volumes/Work/laravel-core-source/src/Providers/ShortcodeServiceProvider.php
2025-03-25 23:00:36 INFO:Obfuscating /Volumes/Work/laravel-core-source/src/Providers/CoderstmServiceProvider.php
2025-03-25 23:00:36 INFO:Obfuscating /Volumes/Work/laravel-core-source/src/Providers/License.php
2025-03-25 23:00:37 INFO:Obfuscated /Volumes/Work/laravel-core-source/src/Providers/ShortcodeServiceProvider.php successfully
2025-03-25 23:00:37 INFO:Obfuscated /Volumes/Work/laravel-core-source/src/Providers/CoderstmPermissionsServiceProvider.php successfully
2025-03-25 23:00:37 INFO:Obfuscating /Volumes/Work/laravel-core-source/src/Providers/ThemeServiceProvider.php
2025-03-25 23:00:37 INFO:Obfuscating /Volumes/Work/laravel-core-source/src/Providers/CoderstmEventServiceProvider.php
2025-03-25 23:00:37 INFO:Obfuscated /Volumes/Work/laravel-core-source/src/Providers/CoderstmServiceProvider.php successfully
2025-03-25 23:00:37 INFO:Obfuscated /Volumes/Work/laravel-core-source/src/Providers/License.php successfully
2025-03-25 23:00:37 INFO:Obfuscated /Volumes/Work/laravel-core-source/src/Providers/CoderstmEventServiceProvider.php successfully
2025-03-25 23:00:37 INFO:Obfuscated /Volumes/Work/laravel-core-source/src/Providers/ThemeServiceProvider.php successfully
2025-03-25 23:02:14 INFO:Obfuscating /Volumes/Work/laravel-core-source/src/Providers/CoderstmPermissionsServiceProvider.php
2025-03-25 23:02:14 INFO:Obfuscating /Volumes/Work/laravel-core-source/src/Providers/ShortcodeServiceProvider.php
2025-03-25 23:02:14 INFO:Obfuscating /Volumes/Work/laravel-core-source/src/Providers/License.php
2025-03-25 23:02:14 INFO:Obfuscating /Volumes/Work/laravel-core-source/src/Providers/CoderstmServiceProvider.php
2025-03-25 23:02:14 INFO:Obfuscated /Volumes/Work/laravel-core-source/src/Providers/CoderstmPermissionsServiceProvider.php successfully
2025-03-25 23:02:14 INFO:Obfuscating /Volumes/Work/laravel-core-source/src/Providers/ThemeServiceProvider.php
2025-03-25 23:02:14 INFO:Obfuscated /Volumes/Work/laravel-core-source/src/Providers/ShortcodeServiceProvider.php successfully
2025-03-25 23:02:14 INFO:Obfuscating /Volumes/Work/laravel-core-source/src/Providers/CoderstmEventServiceProvider.php
2025-03-25 23:02:14 INFO:Obfuscated /Volumes/Work/laravel-core-source/src/Providers/CoderstmServiceProvider.php successfully
2025-03-25 23:02:14 INFO:Obfuscated /Volumes/Work/laravel-core-source/src/Providers/License.php successfully
2025-03-25 23:02:15 INFO:Obfuscated /Volumes/Work/laravel-core-source/src/Providers/CoderstmEventServiceProvider.php successfully
2025-03-25 23:02:15 INFO:Obfuscated /Volumes/Work/laravel-core-source/src/Providers/ThemeServiceProvider.php successfully
2025-03-25 23:02:47 INFO:Obfuscating /Volumes/Work/laravel-core-source/src/Providers/CoderstmPermissionsServiceProvider.php
2025-03-25 23:02:47 INFO:Obfuscating /Volumes/Work/laravel-core-source/src/Providers/CoderstmServiceProvider.php
2025-03-25 23:02:47 INFO:Obfuscating /Volumes/Work/laravel-core-source/src/Providers/ShortcodeServiceProvider.php
2025-03-25 23:02:47 INFO:Obfuscating /Volumes/Work/laravel-core-source/src/Providers/License.php
2025-03-25 23:02:47 INFO:Obfuscated /Volumes/Work/laravel-core-source/src/Providers/ShortcodeServiceProvider.php successfully
2025-03-25 23:02:47 INFO:Obfuscating /Volumes/Work/laravel-core-source/src/Providers/ThemeServiceProvider.php
2025-03-25 23:02:47 INFO:Obfuscated /Volumes/Work/laravel-core-source/src/Providers/CoderstmPermissionsServiceProvider.php successfully
2025-03-25 23:02:47 INFO:Obfuscating /Volumes/Work/laravel-core-source/src/Providers/CoderstmEventServiceProvider.php
2025-03-25 23:02:47 INFO:Obfuscated /Volumes/Work/laravel-core-source/src/Providers/CoderstmServiceProvider.php successfully
2025-03-25 23:02:47 INFO:Obfuscated /Volumes/Work/laravel-core-source/src/Providers/License.php successfully
2025-03-25 23:02:48 INFO:Obfuscated /Volumes/Work/laravel-core-source/src/Providers/CoderstmEventServiceProvider.php successfully
2025-03-25 23:02:48 INFO:Obfuscated /Volumes/Work/laravel-core-source/src/Providers/ThemeServiceProvider.php successfully
2025-04-16 16:05:11 INFO:Obfuscating /Volumes/Work/laravel-core-source/src/Providers/ShortcodeServiceProvider.php
2025-04-16 16:05:11 INFO:Obfuscating /Volumes/Work/laravel-core-source/src/Providers/CoderstmPermissionsServiceProvider.php
2025-04-16 16:05:11 INFO:Obfuscating /Volumes/Work/laravel-core-source/src/Providers/License.php
2025-04-16 16:05:11 INFO:Obfuscating /Volumes/Work/laravel-core-source/src/Providers/CoderstmServiceProvider.php
2025-04-16 16:05:11 INFO:Obfuscated /Volumes/Work/laravel-core-source/src/Providers/ShortcodeServiceProvider.php successfully
2025-04-16 16:05:11 INFO:Obfuscated /Volumes/Work/laravel-core-source/src/Providers/CoderstmPermissionsServiceProvider.php successfully
2025-04-16 16:05:11 INFO:Obfuscating /Volumes/Work/laravel-core-source/src/Providers/ThemeServiceProvider.php
2025-04-16 16:05:11 INFO:Obfuscating /Volumes/Work/laravel-core-source/src/Providers/CoderstmEventServiceProvider.php
2025-04-16 16:05:11 INFO:Obfuscated /Volumes/Work/laravel-core-source/src/Providers/CoderstmServiceProvider.php successfully
2025-04-16 16:05:11 INFO:Obfuscated /Volumes/Work/laravel-core-source/src/Providers/License.php successfully
2025-04-16 16:05:11 INFO:Obfuscated /Volumes/Work/laravel-core-source/src/Providers/CoderstmEventServiceProvider.php successfully
2025-04-16 16:05:11 INFO:Obfuscated /Volumes/Work/laravel-core-source/src/Providers/ThemeServiceProvider.php successfully
